Invalid HTTP_HOST header: 'project01.rominalimousineservice.com'. You may need to add 'project01.rominalimousineservice.com' to ALLOWED_HOSTS.
Traceback (most recent call last):
  File "/home/hightech/virtualenv/project01.rominalimousineservice.com/braid/3.10/lib/python3.10/site-packages/django/core/handlers/exception.py", line 55, in inner
    response = get_response(request)
  File "/home/hightech/virtualenv/project01.rominalimousineservice.com/braid/3.10/lib/python3.10/site-packages/django/utils/deprecation.py", line 119, in __call__
    response = self.process_request(request)
  File "/home/hightech/virtualenv/project01.rominalimousineservice.com/braid/3.10/lib/python3.10/site-packages/django/middleware/common.py", line 48, in process_request
    host = request.get_host()
  File "/home/hightech/virtualenv/project01.rominalimousineservice.com/braid/3.10/lib/python3.10/site-packages/django/http/request.py", line 203, in get_host
    raise DisallowedHost(msg)
django.core.exceptions.DisallowedHost: Invalid HTTP_HOST header: 'project01.rominalimousineservice.com'. You may need to add 'project01.rominalimousineservice.com' to ALLOWED_HOSTS.
Invalid HTTP_HOST header: 'project01.rominalimousineservice.com'. You may need to add 'project01.rominalimousineservice.com' to ALLOWED_HOSTS.
Traceback (most recent call last):
  File "/home/hightech/virtualenv/project01.rominalimousineservice.com/braid/3.10/lib/python3.10/site-packages/django/core/handlers/exception.py", line 55, in inner
    response = get_response(request)
  File "/home/hightech/virtualenv/project01.rominalimousineservice.com/braid/3.10/lib/python3.10/site-packages/django/utils/deprecation.py", line 119, in __call__
    response = self.process_request(request)
  File "/home/hightech/virtualenv/project01.rominalimousineservice.com/braid/3.10/lib/python3.10/site-packages/django/middleware/common.py", line 48, in process_request
    host = request.get_host()
  File "/home/hightech/virtualenv/project01.rominalimousineservice.com/braid/3.10/lib/python3.10/site-packages/django/http/request.py", line 203, in get_host
    raise DisallowedHost(msg)
django.core.exceptions.DisallowedHost: Invalid HTTP_HOST header: 'project01.rominalimousineservice.com'. You may need to add 'project01.rominalimousineservice.com' to ALLOWED_HOSTS.
Not Found: /static/images/logo.png
Not Found: /static/images/knotless.jpg
Not Found: /static/images/gallery-2.jpg
Not Found: /static/images/hero-display.jpg
Not Found: /static/images/gallery-3.jpg
Not Found: /static/images/gallery-4.jpg
Not Found: /static/images/gallery-1.jpg
Not Found: /static/images/stitch.jpg
Not Found: /static/images/bohemian.jpg
Not Found: /favicon.ico
Invalid HTTP_HOST header: 'project01.rominalimousineservice.com'. You may need to add 'project01.rominalimousineservice.com' to ALLOWED_HOSTS.
Traceback (most recent call last):
  File "/home/hightech/virtualenv/project01.rominalimousineservice.com/braid/3.10/lib/python3.10/site-packages/django/core/handlers/exception.py", line 55, in inner
    response = get_response(request)
  File "/home/hightech/virtualenv/project01.rominalimousineservice.com/braid/3.10/lib/python3.10/site-packages/django/utils/deprecation.py", line 119, in __call__
    response = self.process_request(request)
  File "/home/hightech/virtualenv/project01.rominalimousineservice.com/braid/3.10/lib/python3.10/site-packages/django/middleware/common.py", line 48, in process_request
    host = request.get_host()
  File "/home/hightech/virtualenv/project01.rominalimousineservice.com/braid/3.10/lib/python3.10/site-packages/django/http/request.py", line 203, in get_host
    raise DisallowedHost(msg)
django.core.exceptions.DisallowedHost: Invalid HTTP_HOST header: 'project01.rominalimousineservice.com'. You may need to add 'project01.rominalimousineservice.com' to ALLOWED_HOSTS.
Invalid HTTP_HOST header: 'project01.rominalimousineservice.com'. You may need to add 'project01.rominalimousineservice.com' to ALLOWED_HOSTS.
Traceback (most recent call last):
  File "/home/hightech/virtualenv/project01.rominalimousineservice.com/braid/3.10/lib/python3.10/site-packages/django/core/handlers/exception.py", line 55, in inner
    response = get_response(request)
  File "/home/hightech/virtualenv/project01.rominalimousineservice.com/braid/3.10/lib/python3.10/site-packages/django/utils/deprecation.py", line 119, in __call__
    response = self.process_request(request)
  File "/home/hightech/virtualenv/project01.rominalimousineservice.com/braid/3.10/lib/python3.10/site-packages/django/middleware/common.py", line 48, in process_request
    host = request.get_host()
  File "/home/hightech/virtualenv/project01.rominalimousineservice.com/braid/3.10/lib/python3.10/site-packages/django/http/request.py", line 203, in get_host
    raise DisallowedHost(msg)
django.core.exceptions.DisallowedHost: Invalid HTTP_HOST header: 'project01.rominalimousineservice.com'. You may need to add 'project01.rominalimousineservice.com' to ALLOWED_HOSTS.
Not Found: /static/images/logo.png
Not Found: /static/images/hero-display.jpg
Not Found: /static/images/hero-display.jpg
Not Found: /static/images/logo.png
Not Found: /static/images/stitch.jpg
Not Found: /static/images/knotless.jpg
Not Found: /static/images/bohemian.jpg
Not Found: /static/images/gallery-3.jpg
Not Found: /static/images/gallery-2.jpg
Not Found: /static/images/gallery-1.jpg
Not Found: /static/images/gallery-4.jpg
Not Found: /favicon.ico
Not Found: /favicon.ico
Not Found: /static/images/hero-display.jpg
Not Found: /static/images/logo.png
Not Found: /static/images/stitch.jpg
Not Found: /static/images/bohemian.jpg
Not Found: /static/images/knotless.jpg
Not Found: /static/images/gallery-4.jpg
Not Found: /static/images/gallery-2.jpg
Not Found: /static/images/gallery-1.jpg
Not Found: /static/images/gallery-3.jpg
Not Found: /favicon.ico
Not Found: /static/images/logo.png
Not Found: /static/images/hero-display.jpg
Not Found: /static/images/bohemian.jpg
Not Found: /static/images/gallery-4.jpg
Not Found: /static/images/stitch.jpg
Not Found: /static/images/gallery-3.jpg
Not Found: /static/images/gallery-2.jpg
Not Found: /static/images/gallery-1.jpg
Not Found: /static/images/knotless.jpg
Not Found: /favicon.ico
Not Found: /static/images/gallery-1.jpg
Not Found: /static/images/stitch.jpg
Not Found: /static/images/bohemian.jpg
Not Found: /static/images/gallery-2.jpg
Not Found: /static/images/logo.png
Not Found: /static/images/knotless.jpg
Not Found: /static/images/gallery-4.jpg
Not Found: /static/images/gallery-3.jpg
Not Found: /static/images/hero-display.jpg
Not Found: /favicon.ico
Not Found: /static/images/logo_braid.png
Not Found: /static/images/hero-display.jpg
Not Found: /static/images/knotless.jpg
Not Found: /static/images/stitch.jpg
Not Found: /static/images/bohemian.jpg
Not Found: /static/images/gallery-2.jpg
Not Found: /static/images/gallery-1.jpg
Not Found: /static/images/gallery-3.jpg
Not Found: /static/images/gallery-4.jpg
Not Found: /favicon.ico
Not Found: /static/images/hero-display.jpg
Not Found: /static/images/logo_braid.png
Not Found: /static/images/stitch.jpg
Not Found: /static/images/bohemian.jpg
Not Found: /static/images/knotless.jpg
Not Found: /static/images/gallery-2.jpg
Not Found: /static/images/gallery-1.jpg
Not Found: /static/images/gallery-3.jpg
Not Found: /static/images/hero-display.jpg
Not Found: /static/images/logo_braid.png
Not Found: /static/images/gallery-1.jpg
Not Found: /static/images/gallery-2.jpg
Not Found: /static/images/knotless.jpg
Not Found: /static/images/gallery-4.jpg
Not Found: /static/images/gallery-3.jpg
Not Found: /static/images/stitch.jpg
Not Found: /static/images/bohemian.jpg
Not Found: /favicon.ico
Not Found: /static/images/hero-display.jpg
Not Found: /static/images/logo_braid.png
Not Found: /static/images/knotless.jpg
Not Found: /static/images/stitch.jpg
Not Found: /static/images/bohemian.jpg
Not Found: /static/images/gallery-2.jpg
Not Found: /static/images/gallery-1.jpg
Not Found: /static/images/gallery-3.jpg
Not Found: /static/images/gallery-4.jpg
Not Found: /static/images/hero-display.jpg
Not Found: /static/images/stitch.jpg
Not Found: /static/images/bohemian.jpg
Not Found: /static/images/logo_braid.png
Not Found: /static/images/knotless.jpg
Not Found: /static/images/gallery-3.jpg
Not Found: /static/images/gallery-4.jpg
Not Found: /static/images/gallery-2.jpg
Not Found: /static/images/gallery-1.jpg
Not Found: /favicon.ico
Not Found: /static/images/knotless.jpg
Not Found: /static/images/logo_braid.png
Not Found: /static/images/bohemian.jpg
Not Found: /static/images/gallery-1.jpg
Not Found: /static/images/gallery-2.jpg
Not Found: /static/images/gallery-3.jpg
Not Found: /static/images/gallery-4.jpg
Not Found: /static/images/stitch.jpg
Not Found: /static/images/hero-display.jpg
Not Found: /static/images/bohemian.jpg
Not Found: /static/images/logo_braid.png
Not Found: /static/images/stitch.jpg
Not Found: /static/images/knotless.jpg
Not Found: /static/images/gallery-1.jpg
Not Found: /static/images/gallery-2.jpg
Not Found: /static/images/hero-display.jpg
Not Found: /static/images/gallery-3.jpg
Not Found: /static/images/gallery-4.jpg
Not Found: /favicon.ico
Not Found: /static/images/logo_braid.png
Not Found: /static/images/knotless.jpg
Not Found: /static/images/stitch.jpg
Not Found: /static/images/gallery-3.jpg
Not Found: /static/images/gallery-1.jpg
Not Found: /static/images/gallery-2.jpg
Not Found: /static/images/bohemian.jpg
Not Found: /static/images/knotless.jpg
Not Found: /static/images/hero-display.jpg
Not Found: /static/images/logo_braid.png
Not Found: /static/images/bohemian.jpg
Not Found: /static/images/stitch.jpg
Not Found: /static/images/hero-display.jpg
Not Found: /static/images/gallery-1.jpg
Not Found: /static/images/gallery-2.jpg
Not Found: /static/images/gallery-4.jpg
Not Found: /static/images/gallery-3.jpg
Not Found: /favicon.ico
Not Found: /static/images/hero-display.jpg
Not Found: /static/images/knotless.jpg
Not Found: /static/images/stitch.jpg
Not Found: /static/images/bohemian.jpg
Not Found: /static/images/gallery-1.jpg
Not Found: /static/images/gallery-2.jpg
Not Found: /static/images/gallery-3.jpg
Not Found: /static/images/gallery-4.jpg
Not Found: /favicon.ico
Not Found: /favicon.ico
Not Found: /favicon.png
Not Found: /static/images/gallery-1.jpg
Not Found: /static/images/gallery-2.jpg
Not Found: /static/images/bohemian.jpg
Not Found: /static/images/gallery-3.jpg
Not Found: /static/images/gallery-4.jpg
Not Found: /static/images/knotless.jpg
Not Found: /static/images/hero-display.jpg
Not Found: /static/images/stitch.jpg
Not Found: /favicon.ico
Not Found: /static/images/Untitled design.png/static/images/Untitled%20design.png
Not Found: /static/images/hero-display.jpg
Not Found: /static/images/gallery-3.jpg
Not Found: /static/images/gallery-4.jpg
Not Found: /static/images/knotless.jpg
Not Found: /static/images/gallery-1.jpg
Not Found: /static/images/gallery-2.jpg
Not Found: /static/images/stitch.jpg
Not Found: /static/images/bohemian.jpg
Not Found: /favicon.ico
Not Found: /static/images/hero-display.jpg
Not Found: /static/images/Untitled design.png/static/images/Untitled%20design.png
Not Found: /static/images/stitch.jpg
Not Found: /static/images/knotless.jpg
Not Found: /static/images/bohemian.jpg
Not Found: /static/images/gallery-1.jpg
Not Found: /static/images/gallery-3.jpg
Not Found: /static/images/gallery-2.jpg
Not Found: /static/images/gallery-4.jpg
Not Found: /favicon.ico
Not Found: /static/images/Untitled design.png/static/images/Untitled%20design.png
Not Found: /static/images/knotless.jpg
Not Found: /static/images/gallery-1.jpg
Not Found: /static/images/stitch.jpg
Not Found: /static/images/gallery-2.jpg
Not Found: /static/images/gallery-3.jpg
Not Found: /static/images/bohemian.jpg
Not Found: /static/images/hero-display.jpg
Not Found: /static/images/gallery-4.jpg
Not Found: /favicon.ico
Not Found: /static/images/hero-display.jpg
Not Found: /static/images/Untitled design.png/static/images/Untitled%20design.png
Not Found: /static/images/bohemian.jpg
Not Found: /static/images/stitch.jpg
Not Found: /static/images/knotless.jpg
Not Found: /static/images/hero-display.jpg
Not Found: /static/images/Untitled design.png/static/images/Untitled%20design.png
Not Found: /static/images/bohemian.jpg
Not Found: /static/images/stitch.jpg
Not Found: /static/images/knotless.jpg
Not Found: /static/images/gallery-1.jpg
Not Found: /static/images/gallery-3.jpg
Not Found: /static/images/gallery-2.jpg
Not Found: /static/images/gallery-4.jpg
Not Found: /favicon.ico
Not Found: /static/images/Untitled design.png/static/images/Untitled%20design.png
Not Found: /static/images/hero-display.jpg
Not Found: /static/images/bohemian.jpg
Not Found: /static/images/knotless.jpg
Not Found: /static/images/stitch.jpg
Not Found: /static/images/gallery-3.jpg
Not Found: /static/images/gallery-1.jpg
Not Found: /static/images/gallery-2.jpg
Not Found: /static/images/gallery-4.jpg
Not Found: /favicon.ico
Not Found: /static/images/stitch.jpg
Not Found: /static/images/knotless.jpg
Not Found: /static/images/hero-display.jpg
Not Found: /static/images/gallery-1.jpg
Not Found: /static/images/gallery-2.jpg
Not Found: /static/images/gallery-3.jpg
Not Found: /static/images/gallery-4.jpg
Not Found: /static/images/Untitled design.png/static/images/Untitled%20design.png
Not Found: /static/images/bohemian.jpg
Not Found: /static/images/knotless.jpg
Not Found: /static/images/bohemian.jpg
Not Found: /static/images/stitch.jpg
Not Found: /static/images/hero-display.jpg
Not Found: /static/images/Untitled design.png/static/images/Untitled%20design.png
Not Found: /static/images/gallery-1.jpg
Not Found: /static/images/gallery-2.jpg
Not Found: /static/images/gallery-3.jpg
Not Found: /static/images/gallery-4.jpg
Not Found: /favicon.ico
Not Found: /static/images/Untitled design.png/static/images/Untitled%20design.png
Not Found: /static/images/gallery-3.jpg
Not Found: /static/images/hero-display.jpg
Not Found: /static/images/stitch.jpg
Not Found: /static/images/gallery-1.jpg
Not Found: /static/images/gallery-2.jpg
Not Found: /static/images/gallery-4.jpg
Not Found: /static/images/knotless.jpg
Not Found: /static/images/bohemian.jpg
Not Found: /static/images/Untitled design.png/static/images/Untitled%20design.png
Not Found: /static/images/knotless.jpg
Not Found: /static/images/gallery-1.jpg
Not Found: /static/images/gallery-3.jpg
Not Found: /static/images/gallery-4.jpg
Not Found: /static/images/bohemian.jpg
Not Found: /static/images/gallery-2.jpg
Not Found: /static/images/stitch.jpg
Not Found: /favicon.ico
Not Found: /static/images/Untitled design.png/static/images/Untitled%20design.png
Not Found: /static/images/gallery-3.jpg
Not Found: /static/images/gallery-2.jpg
Not Found: /static/images/gallery-1.jpg
Not Found: /static/images/gallery-4.jpg
Not Found: /favicon.ico
Not Found: /static/images/Untitled design.png/static/images/Untitled%20design.png
Not Found: /static/images/gallery-4.jpg
Not Found: /static/images/gallery-3.jpg
Not Found: /static/images/gallery-1.jpg
Not Found: /static/images/gallery-2.jpg
Not Found: /static/images/Untitled design.png/static/images/Untitled%20design.png
Not Found: /static/images/gallery-2.jpg
Not Found: /static/images/gallery-1.jpg
Not Found: /static/images/gallery-3.jpg
Not Found: /static/images/gallery-4.jpg
Not Found: /favicon.ico
Not Found: /static/images/Untitled design.png/static/images/Untitled%20design.png
Not Found: /static/images/gallery-3.jpg
Not Found: /static/images/gallery-1.jpg
Not Found: /static/images/gallery-4.jpg
Not Found: /favicon.ico
Not Found: /static/images/Untitled design.png/static/images/Untitled%20design.png
Not Found: /static/images/gallery-1.jpg
Not Found: /static/images/gallery-4.jpg
Not Found: /static/images/gallery-3.jpg
Not Found: /favicon.ico
Not Found: /static/images/Untitled design.png/static/images/Untitled%20design.png
Not Found: /static/images/gallery-1.jpg
Not Found: /static/images/gallery-3.jpg
Not Found: /static/images/gallery-4.jpg
Not Found: /favicon.ico
Not Found: /static/images/Untitled design.png/static/images/Untitled%20design.png
Not Found: /static/images/gallery-1.jpg
Not Found: /static/images/gallery-3.jpg
Not Found: /static/images/gallery-4.jpg
Not Found: /favicon.ico
Not Found: /static/images/gallery-4.jpg
Not Found: /static/images/gallery-3.jpg
Not Found: /static/images/gallery-1.jpg
Not Found: /static/images/Untitled design.png/static/images/Untitled%20design.png
Not Found: /favicon.ico
Not Found: /static/images/gallery-1.jpg
Not Found: /static/images/gallery-4.jpg
Not Found: /static/images/gallery-3.jpg
Not Found: /static/images/Untitled design.png/static/images/Untitled%20design.png
Not Found: /favicon.ico
Not Found: /static/images/gallery-3.jpg
Not Found: /static/images/gallery-4.jpg
Not Found: /static/images/gallery-1.jpg
Not Found: /static/images/Untitled design.png/static/images/Untitled%20design.png
Not Found: /favicon.ico
Not Found: /static/images/Untitled design.png/static/css/style.css/static/images/Untitled%20design.png/static/css/style.css
Not Found: /static/images/Untitled design.png/static/images/gallery-1.jpg/static/images/Untitled%20design.png/static/images/gallery-1.jpg
Not Found: /static/images/Untitled design.png/static/images/gallery-3.jpg/static/images/Untitled%20design.png/static/images/gallery-3.jpg
Not Found: /static/images/Untitled design.png/static/images/gallery-2.jpg/static/images/Untitled%20design.png/static/images/gallery-2.jpg
Not Found: /static/images/Untitled design.png/static/images/gallery-4.jpg/static/images/Untitled%20design.png/static/images/gallery-4.jpg
Not Found: /static/images/Untitled design.png/static/images/Untitled design.png/static/images/Untitled%20design.png/static/images/Untitled%20design.png
Not Found: /static/images/Untitled design.png/static/images/Kknotless.jpg/static/images/Untitled%20design.png/static/images/Kknotless.jpg
Not Found: /static/images/Untitled design.png/static/images/hero-display.jpg/static/images/Untitled%20design.png/static/images/hero-display.jpg
Not Found: /favicon.ico
Not Found: /static/images/gallery-4.jpg
Not Found: /static/images/gallery-3.jpg
Not Found: /static/images/gallery-1.jpg
Not Found: /static/images/Untitled design.png/static/images/Untitled%20design.png
Not Found: /favicon.ico
Not Found: /static/images/gallery-1.jpg
Not Found: /static/images/gallery-3.jpg
Not Found: /static/images/Untitled design.png/static/images/Untitled%20design.png
Not Found: /static/images/gallery-4.jpg
Not Found: /static/images/gallery-1.jpg
Not Found: /static/images/gallery-3.jpg
Not Found: /static/images/gallery-4.jpg
Not Found: /static/images/Untitled design.png/static/images/Untitled%20design.png
Not Found: /favicon.ico
Not Found: /static/images/Untitled design.png/static/images/Untitled%20design.png
Not Found: /static/images/gallery-1.jpg
Not Found: /static/images/gallery-3.jpg
Not Found: /static/images/gallery-4.jpg
Not Found: /favicon.ico
Not Found: /static/images/Untitled design.png/static/images/Untitled%20design.png
Not Found: /static/images/gallery-3.jpg
Not Found: /static/images/gallery-1.jpg
Not Found: /static/images/gallery-4.jpg
Not Found: /favicon.ico
Not Found: /static/images/Untitled design.png/static/images/Untitled%20design.png
Not Found: /static/images/gallery-1.jpg
Not Found: /static/images/gallery-3.jpg
Not Found: /static/images/gallery-4.jpg
Not Found: /favicon.ico
Not Found: /static/images/Untitled design.png/static/images/Untitled%20design.png
Not Found: /static/images/gallery-1.jpg
Not Found: /static/images/gallery-3.jpg
Not Found: /static/images/gallery-4.jpg
Not Found: /favicon.ico
Not Found: /static/images/Untitled design.png/static/images/Untitled%20design.png
Not Found: /favicon.ico
Not Found: /static/images/Untitled design.png/static/images/Untitled%20design.png
Not Found: /favicon.ico
Not Found: /static/images/Untitled design.png/static/images/Untitled%20design.png
Not Found: /favicon.ico
Not Found: /static/images/Untitled design.png/static/images/Untitled%20design.png
Not Found: /favicon.ico
Not Found: /static/images/Untitled design.png/static/images/Untitled%20design.png
Not Found: /favicon.ico
Not Found: /static/images/Untitled design.png/static/images/Untitled%20design.png
Not Found: /static/images/hero-display.jpg
Not Found: /favicon.ico
Not Found: /static/images/Untitled design.png/static/images/Untitled%20design.png
Not Found: /static/images/hero-display.jpg
Not Found: /static/images/bohemian.jpg
Not Found: /static/images/gallery-1.jpg
Not Found: /favicon.ico
Not Found: /static/images/Untitled design.png/static/images/Untitled%20design.png
Not Found: /favicon.ico
Not Found: /static/images/Untitled design.png/static/images/Untitled%20design.png
Not Found: /static/images/Untitled design.png/static/images/Untitled%20design.png
Not Found: /favicon.ico
Not Found: /static/images/Untitled design.png/static/images/Untitled%20design.png
Not Found: /static/images/Untitled design.png/static/images/Untitled%20design.png
Not Found: /favicon.ico
Not Found: /static/images/Untitled design.png/static/images/Untitled%20design.png
Not Found: /static/images/Untitled design.png/static/images/Untitled%20design.png
Not Found: /favicon.ico
Not Found: /static/images/Untitled design.png/static/images/Untitled%20design.png
Not Found: /static/images/Untitled design.png/static/images/Untitled%20design.png
Not Found: /favicon.ico
Not Found: /favicon.ico
Not Found: /static/images/Untitled design.png/static/images/Untitled%20design.png
Not Found: /favicon.ico
Not Found: /static/images/Untitled design.png/static/images/Untitled%20design.png
Not Found: /static/images/hero-display.jpg
Not Found: /static/images/Kknotless.jpg
Not Found: /static/images/gallery-2.jpg
Not Found: /static/images/stitch.jpg
Not Found: /static/images/bohemian.jpg
Not Found: /static/images/gallery-1.jpg
Not Found: /static/images/gallery-3.jpg
Not Found: /static/images/gallerys3.jpg
Not Found: /static/images/gallery-4.jpg
Not Found: /favicon.ico
Not Found: /static/images/Untitled design.png/static/images/gallery-2.jpg/static/images/Untitled%20design.png/static/images/gallery-2.jpg
Not Found: /static/images/Untitled design.png/static/css/style.css/static/images/Untitled%20design.png/static/css/style.css
Not Found: /static/images/Untitled design.png/static/images/Untitled design.png/static/images/Untitled%20design.png/static/images/Untitled%20design.png
Not Found: /static/images/Untitled design.png/static/images/hero-display.jpg/static/images/Untitled%20design.png/static/images/hero-display.jpg
Not Found: /static/images/Untitled design.png/static/images/Kknotless.jpg/static/images/Untitled%20design.png/static/images/Kknotless.jpg
Not Found: /static/images/Untitled design.png/static/images/gallery-1.jpg/static/images/Untitled%20design.png/static/images/gallery-1.jpg
Not Found: /static/images/Untitled design.png/static/images/stitch.jpg/static/images/Untitled%20design.png/static/images/stitch.jpg
Not Found: /static/images/Untitled design.png/static/images/bohemian.jpg/static/images/Untitled%20design.png/static/images/bohemian.jpg
Not Found: /static/images/Untitled design.png/static/images/gallery-4.jpg/static/images/Untitled%20design.png/static/images/gallery-4.jpg
Not Found: /static/images/Untitled design.png/static/images/gallery-3.jpg/static/images/Untitled%20design.png/static/images/gallery-3.jpg
Not Found: /static/images/Untitled design.png/static/images/gallerys3.jpg/static/images/Untitled%20design.png/static/images/gallerys3.jpg
Not Found: /favicon.ico
Not Found: /static/images/Untitled design.png/static/images/gallerys3.jpg/static/css/style.css/static/images/Untitled%20design.png/static/images/gallerys3.jpg/static/css/style.css
Not Found: /static/images/Untitled design.png/static/images/gallerys3.jpg/static/images/hero-display.jpg/static/images/Untitled%20design.png/static/images/gallerys3.jpg/static/images/hero-display.jpg
Not Found: /static/images/Untitled design.png/static/images/gallerys3.jpg/static/images/gallery-2.jpg/static/images/Untitled%20design.png/static/images/gallerys3.jpg/static/images/gallery-2.jpg
Not Found: /static/images/Untitled design.png/static/images/gallerys3.jpg/static/images/Untitled design.png/static/images/Untitled%20design.png/static/images/gallerys3.jpg/static/images/Untitled%20design.png
Not Found: /static/images/Untitled design.png/static/images/gallerys3.jpg/static/images/bohemian.jpg/static/images/Untitled%20design.png/static/images/gallerys3.jpg/static/images/bohemian.jpg
Not Found: /static/images/Untitled design.png/static/images/gallerys3.jpg/static/images/stitch.jpg/static/images/Untitled%20design.png/static/images/gallerys3.jpg/static/images/stitch.jpg
Not Found: /static/images/Untitled design.png/static/images/gallerys3.jpg/static/images/gallery-1.jpg/static/images/Untitled%20design.png/static/images/gallerys3.jpg/static/images/gallery-1.jpg
Not Found: /static/images/Untitled design.png/static/images/gallerys3.jpg/static/images/Kknotless.jpg/static/images/Untitled%20design.png/static/images/gallerys3.jpg/static/images/Kknotless.jpg
Not Found: /static/images/Untitled design.png/static/images/gallerys3.jpg/static/images/gallery-3.jpg/static/images/Untitled%20design.png/static/images/gallerys3.jpg/static/images/gallery-3.jpg
Not Found: /static/images/Untitled design.png/static/images/gallerys3.jpg/static/images/gallery-4.jpg/static/images/Untitled%20design.png/static/images/gallerys3.jpg/static/images/gallery-4.jpg
Not Found: /static/images/Untitled design.png/static/images/gallerys3.jpg/static/images/gallerys3.jpg/static/images/Untitled%20design.png/static/images/gallerys3.jpg/static/images/gallerys3.jpg
Not Found: /static/images/Untitled design.png/static/images/gallerys3.jpg/static/images/gallerys3.jpg/static/css/style.css/static/images/Untitled%20design.png/static/images/gallerys3.jpg/static/images/gallerys3.jpg/static/css/style.css
Not Found: /static/images/Untitled design.png/static/images/gallerys3.jpg/static/images/gallerys3.jpg/static/images/Untitled design.png/static/images/Untitled%20design.png/static/images/gallerys3.jpg/static/images/gallerys3.jpg/static/images/Untitled%20design.png
Not Found: /static/images/Untitled design.png/static/images/gallerys3.jpg/static/images/gallerys3.jpg/static/images/hero-display.jpg/static/images/Untitled%20design.png/static/images/gallerys3.jpg/static/images/gallerys3.jpg/static/images/hero-display.jpg
Not Found: /static/images/Untitled design.png/static/images/gallerys3.jpg/static/images/gallerys3.jpg/static/images/gallery-2.jpg/static/images/Untitled%20design.png/static/images/gallerys3.jpg/static/images/gallerys3.jpg/static/images/gallery-2.jpg
Not Found: /static/images/Untitled design.png/static/images/gallerys3.jpg/static/images/gallerys3.jpg/static/images/Kknotless.jpg/static/images/Untitled%20design.png/static/images/gallerys3.jpg/static/images/gallerys3.jpg/static/images/Kknotless.jpg
Not Found: /static/images/Untitled design.png/static/images/gallerys3.jpg/static/images/gallerys3.jpg/static/images/stitch.jpg/static/images/Untitled%20design.png/static/images/gallerys3.jpg/static/images/gallerys3.jpg/static/images/stitch.jpg
Not Found: /static/images/Untitled design.png/static/images/gallerys3.jpg/static/images/gallerys3.jpg/static/images/gallerys3.jpg/static/images/Untitled%20design.png/static/images/gallerys3.jpg/static/images/gallerys3.jpg/static/images/gallerys3.jpg
Not Found: /static/images/Untitled design.png/static/images/gallerys3.jpg/static/images/gallerys3.jpg/static/images/bohemian.jpg/static/images/Untitled%20design.png/static/images/gallerys3.jpg/static/images/gallerys3.jpg/static/images/bohemian.jpg
Not Found: /static/images/Untitled design.png/static/images/gallerys3.jpg/static/images/gallerys3.jpg/static/images/gallery-1.jpg/static/images/Untitled%20design.png/static/images/gallerys3.jpg/static/images/gallerys3.jpg/static/images/gallery-1.jpg
Not Found: /static/images/Untitled design.png/static/images/gallerys3.jpg/static/images/gallerys3.jpg/static/images/gallery-3.jpg/static/images/Untitled%20design.png/static/images/gallerys3.jpg/static/images/gallerys3.jpg/static/images/gallery-3.jpg
Not Found: /static/images/Untitled design.png/static/images/gallerys3.jpg/static/images/gallerys3.jpg/static/images/gallery-4.jpg/static/images/Untitled%20design.png/static/images/gallerys3.jpg/static/images/gallerys3.jpg/static/images/gallery-4.jpg
Not Found: /static/images/stitch.jpg
Not Found: /static/images/Kknotless.jpg
Not Found: /static/images/Untitled design.png/static/images/Untitled%20design.png
Not Found: /static/images/bohemian.jpg
Not Found: /static/images/gallerys3.jpg
Not Found: /favicon.ico
Not Found: /favicon.ico
Not Found: /favicon.ico
Not Found: /favicon.ico
Not Found: /favicon.ico
Not Found: /favicon.ico
Not Found: /favicon.ico
Not Found: /favicon.ico
Not Found: /favicon.ico
Not Found: /favicon.ico
Not Found: /favicon.ico
Not Found: /favicon.ico
Not Found: /favicon.ico
Not Found: /images/gallery-2.jpg
Not Found: /images/hero-display.jpg
Not Found: /favicon.ico
Not Found: /images/hero-display.jpg
Not Found: /images/gallery-2.jpg
Not Found: /favicon.ico
Not Found: /images/hero-display.jpg
Not Found: /images/gallery-2.jpg
Not Found: /images/hero-display.jpg
Not Found: /images/gallery-2.jpg
Not Found: /favicon.ico
Not Found: /images/hero-display.jpg
Not Found: /images/gallery-2.jpg
Not Found: /favicon.ico
Not Found: /favicon.ico
Not Found: /favicon.ico
Not Found: /favicon.ico
Not Found: /favicon.ico
Not Found: /favicon.ico
